!SESSION 2015-12-20 19:42:00.489 -----------------------------------------------
eclipse.buildId=4.5.1.M20150904-0015
java.version=1.8.0_66
java.vendor=Oracle Corporation
BootLoader constants: OS=win32, ARCH=x86_64, WS=win32, NL=en_US
Framework arguments:  -product org.eclipse.epp.package.java.product
Command-line arguments:  -os win32 -ws win32 -arch x86_64 -product org.eclipse.epp.package.java.product

This is a continuation of log file D:\Workspaces\VineEngine\eclipse_workspace\.metadata\.bak_0.log
Created Time: 2015-12-20 23:11:41.833

!ENTRY org.eclipse.core.resources 4 2 2015-12-20 23:11:41.833
!MESSAGE Problems occurred when invoking code from plug-in: "org.eclipse.core.resources".
!STACK 1
org.eclipse.core.runtime.CoreException: MismatchedTokenException occurred during the analysis of file D:\Workspaces\VineEngine\eclipse_workspace\engine-core\src\main\java\com\vine\math\Transformation.java.
	at net.sf.eclipsecs.core.builder.CheckstyleBuilder.handleBuildSelection(CheckstyleBuilder.java:307)
	at net.sf.eclipsecs.core.builder.CheckstyleBuilder.build(CheckstyleBuilder.java:171)
	at org.eclipse.core.internal.events.BuildManager$2.run(BuildManager.java:734)
	at org.eclipse.core.runtime.SafeRunner.run(SafeRunner.java:42)
	at org.eclipse.core.internal.events.BuildManager.basicBuild(BuildManager.java:205)
	at org.eclipse.core.internal.events.BuildManager.basicBuild(BuildManager.java:245)
	at org.eclipse.core.internal.events.BuildManager$1.run(BuildManager.java:300)
	at org.eclipse.core.runtime.SafeRunner.run(SafeRunner.java:42)
	at org.eclipse.core.internal.events.BuildManager.basicBuild(BuildManager.java:303)
	at org.eclipse.core.internal.events.BuildManager.basicBuildLoop(BuildManager.java:359)
	at org.eclipse.core.internal.events.BuildManager.build(BuildManager.java:382)
	at org.eclipse.core.internal.events.AutoBuildJob.doBuild(AutoBuildJob.java:144)
	at org.eclipse.core.internal.events.AutoBuildJob.run(AutoBuildJob.java:235)
	at org.eclipse.core.internal.jobs.Worker.run(Worker.java:55)
Caused by: net.sf.eclipsecs.core.util.CheckstylePluginException: MismatchedTokenException occurred during the analysis of file D:\Workspaces\VineEngine\eclipse_workspace\engine-core\src\main\java\com\vine\math\Transformation.java.
	at net.sf.eclipsecs.core.util.CheckstylePluginException.rethrow(CheckstylePluginException.java:66)
	at net.sf.eclipsecs.core.util.CheckstylePluginException.rethrow(CheckstylePluginException.java:77)
	at net.sf.eclipsecs.core.builder.Auditor.runAudit(Auditor.java:166)
	at net.sf.eclipsecs.core.builder.CheckstyleBuilder.handleBuildSelection(CheckstyleBuilder.java:300)
	... 13 more
Caused by: com.puppycrawl.tools.checkstyle.api.CheckstyleException: MismatchedTokenException occurred during the analysis of file D:\Workspaces\VineEngine\eclipse_workspace\engine-core\src\main\java\com\vine\math\Transformation.java.
	at com.puppycrawl.tools.checkstyle.TreeWalker.processFiltered(TreeWalker.java:216)
	at com.puppycrawl.tools.checkstyle.api.AbstractFileSetCheck.process(AbstractFileSetCheck.java:79)
	at com.puppycrawl.tools.checkstyle.Checker.process(Checker.java:265)
	at net.sf.eclipsecs.core.builder.Auditor.runAudit(Auditor.java:159)
	... 14 more
Caused by: D:\Workspaces\VineEngine\eclipse_workspace\engine-core\src\main\java\com\vine\math\Transformation.java:54:9: expecting EOF, found 'rotation'
	at antlr.Parser.match(Parser.java:211)
	at com.puppycrawl.tools.checkstyle.grammars.GeneratedJavaRecognizer.compilationUnit(GeneratedJavaRecognizer.java:210)
	at com.puppycrawl.tools.checkstyle.TreeWalker.parse(TreeWalker.java:466)
	at com.puppycrawl.tools.checkstyle.TreeWalker.processFiltered(TreeWalker.java:199)
	... 17 more
!SUBENTRY 1 net.sf.eclipsecs.core 4 4 2015-12-20 23:11:41.834
!MESSAGE MismatchedTokenException occurred during the analysis of file D:\Workspaces\VineEngine\eclipse_workspace\engine-core\src\main\java\com\vine\math\Transformation.java.
!STACK 0
net.sf.eclipsecs.core.util.CheckstylePluginException: MismatchedTokenException occurred during the analysis of file D:\Workspaces\VineEngine\eclipse_workspace\engine-core\src\main\java\com\vine\math\Transformation.java.
	at net.sf.eclipsecs.core.util.CheckstylePluginException.rethrow(CheckstylePluginException.java:66)
	at net.sf.eclipsecs.core.util.CheckstylePluginException.rethrow(CheckstylePluginException.java:77)
	at net.sf.eclipsecs.core.builder.Auditor.runAudit(Auditor.java:166)
	at net.sf.eclipsecs.core.builder.CheckstyleBuilder.handleBuildSelection(CheckstyleBuilder.java:300)
	at net.sf.eclipsecs.core.builder.CheckstyleBuilder.build(CheckstyleBuilder.java:171)
	at org.eclipse.core.internal.events.BuildManager$2.run(BuildManager.java:734)
	at org.eclipse.core.runtime.SafeRunner.run(SafeRunner.java:42)
	at org.eclipse.core.internal.events.BuildManager.basicBuild(BuildManager.java:205)
	at org.eclipse.core.internal.events.BuildManager.basicBuild(BuildManager.java:245)
	at org.eclipse.core.internal.events.BuildManager$1.run(BuildManager.java:300)
	at org.eclipse.core.runtime.SafeRunner.run(SafeRunner.java:42)
	at org.eclipse.core.internal.events.BuildManager.basicBuild(BuildManager.java:303)
	at org.eclipse.core.internal.events.BuildManager.basicBuildLoop(BuildManager.java:359)
	at org.eclipse.core.internal.events.BuildManager.build(BuildManager.java:382)
	at org.eclipse.core.internal.events.AutoBuildJob.doBuild(AutoBuildJob.java:144)
	at org.eclipse.core.internal.events.AutoBuildJob.run(AutoBuildJob.java:235)
	at org.eclipse.core.internal.jobs.Worker.run(Worker.java:55)
Caused by: com.puppycrawl.tools.checkstyle.api.CheckstyleException: MismatchedTokenException occurred during the analysis of file D:\Workspaces\VineEngine\eclipse_workspace\engine-core\src\main\java\com\vine\math\Transformation.java.
	at com.puppycrawl.tools.checkstyle.TreeWalker.processFiltered(TreeWalker.java:216)
	at com.puppycrawl.tools.checkstyle.api.AbstractFileSetCheck.process(AbstractFileSetCheck.java:79)
	at com.puppycrawl.tools.checkstyle.Checker.process(Checker.java:265)
	at net.sf.eclipsecs.core.builder.Auditor.runAudit(Auditor.java:159)
	... 14 more
Caused by: D:\Workspaces\VineEngine\eclipse_workspace\engine-core\src\main\java\com\vine\math\Transformation.java:54:9: expecting EOF, found 'rotation'
	at antlr.Parser.match(Parser.java:211)
	at com.puppycrawl.tools.checkstyle.grammars.GeneratedJavaRecognizer.compilationUnit(GeneratedJavaRecognizer.java:210)
	at com.puppycrawl.tools.checkstyle.TreeWalker.parse(TreeWalker.java:466)
	at com.puppycrawl.tools.checkstyle.TreeWalker.processFiltered(TreeWalker.java:199)
	... 17 more
!SUBENTRY 1 net.sf.eclipsecs.core 4 4 2015-12-20 23:11:41.834
!MESSAGE MismatchedTokenException occurred during the analysis of file D:\Workspaces\VineEngine\eclipse_workspace\engine-core\src\main\java\com\vine\math\Transformation.java.
!STACK 0
net.sf.eclipsecs.core.util.CheckstylePluginException: MismatchedTokenException occurred during the analysis of file D:\Workspaces\VineEngine\eclipse_workspace\engine-core\src\main\java\com\vine\math\Transformation.java.
	at net.sf.eclipsecs.core.util.CheckstylePluginException.rethrow(CheckstylePluginException.java:66)
	at net.sf.eclipsecs.core.util.CheckstylePluginException.rethrow(CheckstylePluginException.java:77)
	at net.sf.eclipsecs.core.builder.Auditor.runAudit(Auditor.java:166)
	at net.sf.eclipsecs.core.builder.CheckstyleBuilder.handleBuildSelection(CheckstyleBuilder.java:300)
	at net.sf.eclipsecs.core.builder.CheckstyleBuilder.build(CheckstyleBuilder.java:171)
	at org.eclipse.core.internal.events.BuildManager$2.run(BuildManager.java:734)
	at org.eclipse.core.runtime.SafeRunner.run(SafeRunner.java:42)
	at org.eclipse.core.internal.events.BuildManager.basicBuild(BuildManager.java:205)
	at org.eclipse.core.internal.events.BuildManager.basicBuild(BuildManager.java:245)
	at org.eclipse.core.internal.events.BuildManager$1.run(BuildManager.java:300)
	at org.eclipse.core.runtime.SafeRunner.run(SafeRunner.java:42)
	at org.eclipse.core.internal.events.BuildManager.basicBuild(BuildManager.java:303)
	at org.eclipse.core.internal.events.BuildManager.basicBuildLoop(BuildManager.java:359)
	at org.eclipse.core.internal.events.BuildManager.build(BuildManager.java:382)
	at org.eclipse.core.internal.events.AutoBuildJob.doBuild(AutoBuildJob.java:144)
	at org.eclipse.core.internal.events.AutoBuildJob.run(AutoBuildJob.java:235)
	at org.eclipse.core.internal.jobs.Worker.run(Worker.java:55)
Caused by: com.puppycrawl.tools.checkstyle.api.CheckstyleException: MismatchedTokenException occurred during the analysis of file D:\Workspaces\VineEngine\eclipse_workspace\engine-core\src\main\java\com\vine\math\Transformation.java.
	at com.puppycrawl.tools.checkstyle.TreeWalker.processFiltered(TreeWalker.java:216)
	at com.puppycrawl.tools.checkstyle.api.AbstractFileSetCheck.process(AbstractFileSetCheck.java:79)
	at com.puppycrawl.tools.checkstyle.Checker.process(Checker.java:265)
	at net.sf.eclipsecs.core.builder.Auditor.runAudit(Auditor.java:159)
	... 14 more
Caused by: D:\Workspaces\VineEngine\eclipse_workspace\engine-core\src\main\java\com\vine\math\Transformation.java:54:9: expecting EOF, found 'rotation'
	at antlr.Parser.match(Parser.java:211)
	at com.puppycrawl.tools.checkstyle.grammars.GeneratedJavaRecognizer.compilationUnit(GeneratedJavaRecognizer.java:210)
	at com.puppycrawl.tools.checkstyle.TreeWalker.parse(TreeWalker.java:466)
	at com.puppycrawl.tools.checkstyle.TreeWalker.processFiltered(TreeWalker.java:199)
	... 17 more

!ENTRY org.eclipse.core.resources 4 75 2015-12-20 23:11:41.843
!MESSAGE Errors occurred during the build.
!SUBENTRY 1 net.sf.eclipsecs.core 4 75 2015-12-20 23:11:41.843
!MESSAGE Errors running builder 'Checkstyle Builder' on project 'engine-core'.
!STACK 1
org.eclipse.core.runtime.CoreException: MismatchedTokenException occurred during the analysis of file D:\Workspaces\VineEngine\eclipse_workspace\engine-core\src\main\java\com\vine\math\Transformation.java.
	at net.sf.eclipsecs.core.builder.CheckstyleBuilder.handleBuildSelection(CheckstyleBuilder.java:307)
	at net.sf.eclipsecs.core.builder.CheckstyleBuilder.build(CheckstyleBuilder.java:171)
	at org.eclipse.core.internal.events.BuildManager$2.run(BuildManager.java:734)
	at org.eclipse.core.runtime.SafeRunner.run(SafeRunner.java:42)
	at org.eclipse.core.internal.events.BuildManager.basicBuild(BuildManager.java:205)
	at org.eclipse.core.internal.events.BuildManager.basicBuild(BuildManager.java:245)
	at org.eclipse.core.internal.events.BuildManager$1.run(BuildManager.java:300)
	at org.eclipse.core.runtime.SafeRunner.run(SafeRunner.java:42)
	at org.eclipse.core.internal.events.BuildManager.basicBuild(BuildManager.java:303)
	at org.eclipse.core.internal.events.BuildManager.basicBuildLoop(BuildManager.java:359)
	at org.eclipse.core.internal.events.BuildManager.build(BuildManager.java:382)
	at org.eclipse.core.internal.events.AutoBuildJob.doBuild(AutoBuildJob.java:144)
	at org.eclipse.core.internal.events.AutoBuildJob.run(AutoBuildJob.java:235)
	at org.eclipse.core.internal.jobs.Worker.run(Worker.java:55)
Caused by: net.sf.eclipsecs.core.util.CheckstylePluginException: MismatchedTokenException occurred during the analysis of file D:\Workspaces\VineEngine\eclipse_workspace\engine-core\src\main\java\com\vine\math\Transformation.java.
	at net.sf.eclipsecs.core.util.CheckstylePluginException.rethrow(CheckstylePluginException.java:66)
	at net.sf.eclipsecs.core.util.CheckstylePluginException.rethrow(CheckstylePluginException.java:77)
	at net.sf.eclipsecs.core.builder.Auditor.runAudit(Auditor.java:166)
	at net.sf.eclipsecs.core.builder.CheckstyleBuilder.handleBuildSelection(CheckstyleBuilder.java:300)
	... 13 more
Caused by: com.puppycrawl.tools.checkstyle.api.CheckstyleException: MismatchedTokenException occurred during the analysis of file D:\Workspaces\VineEngine\eclipse_workspace\engine-core\src\main\java\com\vine\math\Transformation.java.
	at com.puppycrawl.tools.checkstyle.TreeWalker.processFiltered(TreeWalker.java:216)
	at com.puppycrawl.tools.checkstyle.api.AbstractFileSetCheck.process(AbstractFileSetCheck.java:79)
	at com.puppycrawl.tools.checkstyle.Checker.process(Checker.java:265)
	at net.sf.eclipsecs.core.builder.Auditor.runAudit(Auditor.java:159)
	... 14 more
Caused by: D:\Workspaces\VineEngine\eclipse_workspace\engine-core\src\main\java\com\vine\math\Transformation.java:54:9: expecting EOF, found 'rotation'
	at antlr.Parser.match(Parser.java:211)
	at com.puppycrawl.tools.checkstyle.grammars.GeneratedJavaRecognizer.compilationUnit(GeneratedJavaRecognizer.java:210)
	at com.puppycrawl.tools.checkstyle.TreeWalker.parse(TreeWalker.java:466)
	at com.puppycrawl.tools.checkstyle.TreeWalker.processFiltered(TreeWalker.java:199)
	... 17 more
!SUBENTRY 2 net.sf.eclipsecs.core 4 4 2015-12-20 23:11:41.844
!MESSAGE MismatchedTokenException occurred during the analysis of file D:\Workspaces\VineEngine\eclipse_workspace\engine-core\src\main\java\com\vine\math\Transformation.java.
!STACK 0
net.sf.eclipsecs.core.util.CheckstylePluginException: MismatchedTokenException occurred during the analysis of file D:\Workspaces\VineEngine\eclipse_workspace\engine-core\src\main\java\com\vine\math\Transformation.java.
	at net.sf.eclipsecs.core.util.CheckstylePluginException.rethrow(CheckstylePluginException.java:66)
	at net.sf.eclipsecs.core.util.CheckstylePluginException.rethrow(CheckstylePluginException.java:77)
	at net.sf.eclipsecs.core.builder.Auditor.runAudit(Auditor.java:166)
	at net.sf.eclipsecs.core.builder.CheckstyleBuilder.handleBuildSelection(CheckstyleBuilder.java:300)
	at net.sf.eclipsecs.core.builder.CheckstyleBuilder.build(CheckstyleBuilder.java:171)
	at org.eclipse.core.internal.events.BuildManager$2.run(BuildManager.java:734)
	at org.eclipse.core.runtime.SafeRunner.run(SafeRunner.java:42)
	at org.eclipse.core.internal.events.BuildManager.basicBuild(BuildManager.java:205)
	at org.eclipse.core.internal.events.BuildManager.basicBuild(BuildManager.java:245)
	at org.eclipse.core.internal.events.BuildManager$1.run(BuildManager.java:300)
	at org.eclipse.core.runtime.SafeRunner.run(SafeRunner.java:42)
	at org.eclipse.core.internal.events.BuildManager.basicBuild(BuildManager.java:303)
	at org.eclipse.core.internal.events.BuildManager.basicBuildLoop(BuildManager.java:359)
	at org.eclipse.core.internal.events.BuildManager.build(BuildManager.java:382)
	at org.eclipse.core.internal.events.AutoBuildJob.doBuild(AutoBuildJob.java:144)
	at org.eclipse.core.internal.events.AutoBuildJob.run(AutoBuildJob.java:235)
	at org.eclipse.core.internal.jobs.Worker.run(Worker.java:55)
Caused by: com.puppycrawl.tools.checkstyle.api.CheckstyleException: MismatchedTokenException occurred during the analysis of file D:\Workspaces\VineEngine\eclipse_workspace\engine-core\src\main\java\com\vine\math\Transformation.java.
	at com.puppycrawl.tools.checkstyle.TreeWalker.processFiltered(TreeWalker.java:216)
	at com.puppycrawl.tools.checkstyle.api.AbstractFileSetCheck.process(AbstractFileSetCheck.java:79)
	at com.puppycrawl.tools.checkstyle.Checker.process(Checker.java:265)
	at net.sf.eclipsecs.core.builder.Auditor.runAudit(Auditor.java:159)
	... 14 more
Caused by: D:\Workspaces\VineEngine\eclipse_workspace\engine-core\src\main\java\com\vine\math\Transformation.java:54:9: expecting EOF, found 'rotation'
	at antlr.Parser.match(Parser.java:211)
	at com.puppycrawl.tools.checkstyle.grammars.GeneratedJavaRecognizer.compilationUnit(GeneratedJavaRecognizer.java:210)
	at com.puppycrawl.tools.checkstyle.TreeWalker.parse(TreeWalker.java:466)
	at com.puppycrawl.tools.checkstyle.TreeWalker.processFiltered(TreeWalker.java:199)
	... 17 more
!SUBENTRY 1 net.sf.eclipsecs.core 4 4 2015-12-20 23:11:41.844
!MESSAGE MismatchedTokenException occurred during the analysis of file D:\Workspaces\VineEngine\eclipse_workspace\engine-core\src\main\java\com\vine\math\Transformation.java.
!STACK 0
net.sf.eclipsecs.core.util.CheckstylePluginException: MismatchedTokenException occurred during the analysis of file D:\Workspaces\VineEngine\eclipse_workspace\engine-core\src\main\java\com\vine\math\Transformation.java.
	at net.sf.eclipsecs.core.util.CheckstylePluginException.rethrow(CheckstylePluginException.java:66)
	at net.sf.eclipsecs.core.util.CheckstylePluginException.rethrow(CheckstylePluginException.java:77)
	at net.sf.eclipsecs.core.builder.Auditor.runAudit(Auditor.java:166)
	at net.sf.eclipsecs.core.builder.CheckstyleBuilder.handleBuildSelection(CheckstyleBuilder.java:300)
	at net.sf.eclipsecs.core.builder.CheckstyleBuilder.build(CheckstyleBuilder.java:171)
	at org.eclipse.core.internal.events.BuildManager$2.run(BuildManager.java:734)
	at org.eclipse.core.runtime.SafeRunner.run(SafeRunner.java:42)
	at org.eclipse.core.internal.events.BuildManager.basicBuild(BuildManager.java:205)
	at org.eclipse.core.internal.events.BuildManager.basicBuild(BuildManager.java:245)
	at org.eclipse.core.internal.events.BuildManager$1.run(BuildManager.java:300)
	at org.eclipse.core.runtime.SafeRunner.run(SafeRunner.java:42)
	at org.eclipse.core.internal.events.BuildManager.basicBuild(BuildManager.java:303)
	at org.eclipse.core.internal.events.BuildManager.basicBuildLoop(BuildManager.java:359)
	at org.eclipse.core.internal.events.BuildManager.build(BuildManager.java:382)
	at org.eclipse.core.internal.events.AutoBuildJob.doBuild(AutoBuildJob.java:144)
	at org.eclipse.core.internal.events.AutoBuildJob.run(AutoBuildJob.java:235)
	at org.eclipse.core.internal.jobs.Worker.run(Worker.java:55)
Caused by: com.puppycrawl.tools.checkstyle.api.CheckstyleException: MismatchedTokenException occurred during the analysis of file D:\Workspaces\VineEngine\eclipse_workspace\engine-core\src\main\java\com\vine\math\Transformation.java.
	at com.puppycrawl.tools.checkstyle.TreeWalker.processFiltered(TreeWalker.java:216)
	at com.puppycrawl.tools.checkstyle.api.AbstractFileSetCheck.process(AbstractFileSetCheck.java:79)
	at com.puppycrawl.tools.checkstyle.Checker.process(Checker.java:265)
	at net.sf.eclipsecs.core.builder.Auditor.runAudit(Auditor.java:159)
	... 14 more
Caused by: D:\Workspaces\VineEngine\eclipse_workspace\engine-core\src\main\java\com\vine\math\Transformation.java:54:9: expecting EOF, found 'rotation'
	at antlr.Parser.match(Parser.java:211)
	at com.puppycrawl.tools.checkstyle.grammars.GeneratedJavaRecognizer.compilationUnit(GeneratedJavaRecognizer.java:210)
	at com.puppycrawl.tools.checkstyle.TreeWalker.parse(TreeWalker.java:466)
	at com.puppycrawl.tools.checkstyle.TreeWalker.processFiltered(TreeWalker.java:199)
	... 17 more

!ENTRY org.eclipse.core.resources 4 2 2015-12-20 23:12:10.493
!MESSAGE Problems occurred when invoking code from plug-in: "org.eclipse.core.resources".
!STACK 1
org.eclipse.core.runtime.CoreException: MismatchedTokenException occurred during the analysis of file D:\Workspaces\VineEngine\eclipse_workspace\engine-core\src\main\java\com\vine\math\Transformation.java.
	at net.sf.eclipsecs.core.builder.CheckstyleBuilder.handleBuildSelection(CheckstyleBuilder.java:307)
	at net.sf.eclipsecs.core.builder.CheckstyleBuilder.build(CheckstyleBuilder.java:171)
	at org.eclipse.core.internal.events.BuildManager$2.run(BuildManager.java:734)
	at org.eclipse.core.runtime.SafeRunner.run(SafeRunner.java:42)
	at org.eclipse.core.internal.events.BuildManager.basicBuild(BuildManager.java:205)
	at org.eclipse.core.internal.events.BuildManager.basicBuild(BuildManager.java:245)
	at org.eclipse.core.internal.events.BuildManager$1.run(BuildManager.java:300)
	at org.eclipse.core.runtime.SafeRunner.run(SafeRunner.java:42)
	at org.eclipse.core.internal.events.BuildManager.basicBuild(BuildManager.java:303)
	at org.eclipse.core.internal.events.BuildManager.basicBuildLoop(BuildManager.java:359)
	at org.eclipse.core.internal.events.BuildManager.build(BuildManager.java:382)
	at org.eclipse.core.internal.events.AutoBuildJob.doBuild(AutoBuildJob.java:144)
	at org.eclipse.core.internal.events.AutoBuildJob.run(AutoBuildJob.java:235)
	at org.eclipse.core.internal.jobs.Worker.run(Worker.java:55)
Caused by: net.sf.eclipsecs.core.util.CheckstylePluginException: MismatchedTokenException occurred during the analysis of file D:\Workspaces\VineEngine\eclipse_workspace\engine-core\src\main\java\com\vine\math\Transformation.java.
	at net.sf.eclipsecs.core.util.CheckstylePluginException.rethrow(CheckstylePluginException.java:66)
	at net.sf.eclipsecs.core.util.CheckstylePluginException.rethrow(CheckstylePluginException.java:77)
	at net.sf.eclipsecs.core.builder.Auditor.runAudit(Auditor.java:166)
	at net.sf.eclipsecs.core.builder.CheckstyleBuilder.handleBuildSelection(CheckstyleBuilder.java:300)
	... 13 more
Caused by: com.puppycrawl.tools.checkstyle.api.CheckstyleException: MismatchedTokenException occurred during the analysis of file D:\Workspaces\VineEngine\eclipse_workspace\engine-core\src\main\java\com\vine\math\Transformation.java.
	at com.puppycrawl.tools.checkstyle.TreeWalker.processFiltered(TreeWalker.java:216)
	at com.puppycrawl.tools.checkstyle.api.AbstractFileSetCheck.process(AbstractFileSetCheck.java:79)
	at com.puppycrawl.tools.checkstyle.Checker.process(Checker.java:265)
	at net.sf.eclipsecs.core.builder.Auditor.runAudit(Auditor.java:159)
	... 14 more
Caused by: D:\Workspaces\VineEngine\eclipse_workspace\engine-core\src\main\java\com\vine\math\Transformation.java:73:1: expecting EOF, found '}'
	at antlr.Parser.match(Parser.java:211)
	at com.puppycrawl.tools.checkstyle.grammars.GeneratedJavaRecognizer.compilationUnit(GeneratedJavaRecognizer.java:210)
	at com.puppycrawl.tools.checkstyle.TreeWalker.parse(TreeWalker.java:466)
	at com.puppycrawl.tools.checkstyle.TreeWalker.processFiltered(TreeWalker.java:199)
	... 17 more
!SUBENTRY 1 net.sf.eclipsecs.core 4 4 2015-12-20 23:12:10.494
!MESSAGE MismatchedTokenException occurred during the analysis of file D:\Workspaces\VineEngine\eclipse_workspace\engine-core\src\main\java\com\vine\math\Transformation.java.
!STACK 0
net.sf.eclipsecs.core.util.CheckstylePluginException: MismatchedTokenException occurred during the analysis of file D:\Workspaces\VineEngine\eclipse_workspace\engine-core\src\main\java\com\vine\math\Transformation.java.
	at net.sf.eclipsecs.core.util.CheckstylePluginException.rethrow(CheckstylePluginException.java:66)
	at net.sf.eclipsecs.core.util.CheckstylePluginException.rethrow(CheckstylePluginException.java:77)
	at net.sf.eclipsecs.core.builder.Auditor.runAudit(Auditor.java:166)
	at net.sf.eclipsecs.core.builder.CheckstyleBuilder.handleBuildSelection(CheckstyleBuilder.java:300)
	at net.sf.eclipsecs.core.builder.CheckstyleBuilder.build(CheckstyleBuilder.java:171)
	at org.eclipse.core.internal.events.BuildManager$2.run(BuildManager.java:734)
	at org.eclipse.core.runtime.SafeRunner.run(SafeRunner.java:42)
	at org.eclipse.core.internal.events.BuildManager.basicBuild(BuildManager.java:205)
	at org.eclipse.core.internal.events.BuildManager.basicBuild(BuildManager.java:245)
	at org.eclipse.core.internal.events.BuildManager$1.run(BuildManager.java:300)
	at org.eclipse.core.runtime.SafeRunner.run(SafeRunner.java:42)
	at org.eclipse.core.internal.events.BuildManager.basicBuild(BuildManager.java:303)
	at org.eclipse.core.internal.events.BuildManager.basicBuildLoop(BuildManager.java:359)
	at org.eclipse.core.internal.events.BuildManager.build(BuildManager.java:382)
	at org.eclipse.core.internal.events.AutoBuildJob.doBuild(AutoBuildJob.java:144)
	at org.eclipse.core.internal.events.AutoBuildJob.run(AutoBuildJob.java:235)
	at org.eclipse.core.internal.jobs.Worker.run(Worker.java:55)
Caused by: com.puppycrawl.tools.checkstyle.api.CheckstyleException: MismatchedTokenException occurred during the analysis of file D:\Workspaces\VineEngine\eclipse_workspace\engine-core\src\main\java\com\vine\math\Transformation.java.
	at com.puppycrawl.tools.checkstyle.TreeWalker.processFiltered(TreeWalker.java:216)
	at com.puppycrawl.tools.checkstyle.api.AbstractFileSetCheck.process(AbstractFileSetCheck.java:79)
	at com.puppycrawl.tools.checkstyle.Checker.process(Checker.java:265)
	at net.sf.eclipsecs.core.builder.Auditor.runAudit(Auditor.java:159)
	... 14 more
Caused by: D:\Workspaces\VineEngine\eclipse_workspace\engine-core\src\main\java\com\vine\math\Transformation.java:73:1: expecting EOF, found '}'
	at antlr.Parser.match(Parser.java:211)
	at com.puppycrawl.tools.checkstyle.grammars.GeneratedJavaRecognizer.compilationUnit(GeneratedJavaRecognizer.java:210)
	at com.puppycrawl.tools.checkstyle.TreeWalker.parse(TreeWalker.java:466)
	at com.puppycrawl.tools.checkstyle.TreeWalker.processFiltered(TreeWalker.java:199)
	... 17 more
!SUBENTRY 1 net.sf.eclipsecs.core 4 4 2015-12-20 23:12:10.494
!MESSAGE MismatchedTokenException occurred during the analysis of file D:\Workspaces\VineEngine\eclipse_workspace\engine-core\src\main\java\com\vine\math\Transformation.java.
!STACK 0
net.sf.eclipsecs.core.util.CheckstylePluginException: MismatchedTokenException occurred during the analysis of file D:\Workspaces\VineEngine\eclipse_workspace\engine-core\src\main\java\com\vine\math\Transformation.java.
	at net.sf.eclipsecs.core.util.CheckstylePluginException.rethrow(CheckstylePluginException.java:66)
	at net.sf.eclipsecs.core.util.CheckstylePluginException.rethrow(CheckstylePluginException.java:77)
	at net.sf.eclipsecs.core.builder.Auditor.runAudit(Auditor.java:166)
	at net.sf.eclipsecs.core.builder.CheckstyleBuilder.handleBuildSelection(CheckstyleBuilder.java:300)
	at net.sf.eclipsecs.core.builder.CheckstyleBuilder.build(CheckstyleBuilder.java:171)
	at org.eclipse.core.internal.events.BuildManager$2.run(BuildManager.java:734)
	at org.eclipse.core.runtime.SafeRunner.run(SafeRunner.java:42)
	at org.eclipse.core.internal.events.BuildManager.basicBuild(BuildManager.java:205)
	at org.eclipse.core.internal.events.BuildManager.basicBuild(BuildManager.java:245)
	at org.eclipse.core.internal.events.BuildManager$1.run(BuildManager.java:300)
	at org.eclipse.core.runtime.SafeRunner.run(SafeRunner.java:42)
	at org.eclipse.core.internal.events.BuildManager.basicBuild(BuildManager.java:303)
	at org.eclipse.core.internal.events.BuildManager.basicBuildLoop(BuildManager.java:359)
	at org.eclipse.core.internal.events.BuildManager.build(BuildManager.java:382)
	at org.eclipse.core.internal.events.AutoBuildJob.doBuild(AutoBuildJob.java:144)
	at org.eclipse.core.internal.events.AutoBuildJob.run(AutoBuildJob.java:235)
	at org.eclipse.core.internal.jobs.Worker.run(Worker.java:55)
Caused by: com.puppycrawl.tools.checkstyle.api.CheckstyleException: MismatchedTokenException occurred during the analysis of file D:\Workspaces\VineEngine\eclipse_workspace\engine-core\src\main\java\com\vine\math\Transformation.java.
	at com.puppycrawl.tools.checkstyle.TreeWalker.processFiltered(TreeWalker.java:216)
	at com.puppycrawl.tools.checkstyle.api.AbstractFileSetCheck.process(AbstractFileSetCheck.java:79)
	at com.puppycrawl.tools.checkstyle.Checker.process(Checker.java:265)
	at net.sf.eclipsecs.core.builder.Auditor.runAudit(Auditor.java:159)
	... 14 more
Caused by: D:\Workspaces\VineEngine\eclipse_workspace\engine-core\src\main\java\com\vine\math\Transformation.java:73:1: expecting EOF, found '}'
	at antlr.Parser.match(Parser.java:211)
	at com.puppycrawl.tools.checkstyle.grammars.GeneratedJavaRecognizer.compilationUnit(GeneratedJavaRecognizer.java:210)
	at com.puppycrawl.tools.checkstyle.TreeWalker.parse(TreeWalker.java:466)
	at com.puppycrawl.tools.checkstyle.TreeWalker.processFiltered(TreeWalker.java:199)
	... 17 more

!ENTRY org.eclipse.core.resources 4 75 2015-12-20 23:12:10.499
!MESSAGE Errors occurred during the build.
!SUBENTRY 1 net.sf.eclipsecs.core 4 75 2015-12-20 23:12:10.499
!MESSAGE Errors running builder 'Checkstyle Builder' on project 'engine-core'.
!STACK 1
org.eclipse.core.runtime.CoreException: MismatchedTokenException occurred during the analysis of file D:\Workspaces\VineEngine\eclipse_workspace\engine-core\src\main\java\com\vine\math\Transformation.java.
	at net.sf.eclipsecs.core.builder.CheckstyleBuilder.handleBuildSelection(CheckstyleBuilder.java:307)
	at net.sf.eclipsecs.core.builder.CheckstyleBuilder.build(CheckstyleBuilder.java:171)
	at org.eclipse.core.internal.events.BuildManager$2.run(BuildManager.java:734)
	at org.eclipse.core.runtime.SafeRunner.run(SafeRunner.java:42)
	at org.eclipse.core.internal.events.BuildManager.basicBuild(BuildManager.java:205)
	at org.eclipse.core.internal.events.BuildManager.basicBuild(BuildManager.java:245)
	at org.eclipse.core.internal.events.BuildManager$1.run(BuildManager.java:300)
	at org.eclipse.core.runtime.SafeRunner.run(SafeRunner.java:42)
	at org.eclipse.core.internal.events.BuildManager.basicBuild(BuildManager.java:303)
	at org.eclipse.core.internal.events.BuildManager.basicBuildLoop(BuildManager.java:359)
	at org.eclipse.core.internal.events.BuildManager.build(BuildManager.java:382)
	at org.eclipse.core.internal.events.AutoBuildJob.doBuild(AutoBuildJob.java:144)
	at org.eclipse.core.internal.events.AutoBuildJob.run(AutoBuildJob.java:235)
	at org.eclipse.core.internal.jobs.Worker.run(Worker.java:55)
Caused by: net.sf.eclipsecs.core.util.CheckstylePluginException: MismatchedTokenException occurred during the analysis of file D:\Workspaces\VineEngine\eclipse_workspace\engine-core\src\main\java\com\vine\math\Transformation.java.
	at net.sf.eclipsecs.core.util.CheckstylePluginException.rethrow(CheckstylePluginException.java:66)
	at net.sf.eclipsecs.core.util.CheckstylePluginException.rethrow(CheckstylePluginException.java:77)
	at net.sf.eclipsecs.core.builder.Auditor.runAudit(Auditor.java:166)
	at net.sf.eclipsecs.core.builder.CheckstyleBuilder.handleBuildSelection(CheckstyleBuilder.java:300)
	... 13 more
Caused by: com.puppycrawl.tools.checkstyle.api.CheckstyleException: MismatchedTokenException occurred during the analysis of file D:\Workspaces\VineEngine\eclipse_workspace\engine-core\src\main\java\com\vine\math\Transformation.java.
	at com.puppycrawl.tools.checkstyle.TreeWalker.processFiltered(TreeWalker.java:216)
	at com.puppycrawl.tools.checkstyle.api.AbstractFileSetCheck.process(AbstractFileSetCheck.java:79)
	at com.puppycrawl.tools.checkstyle.Checker.process(Checker.java:265)
	at net.sf.eclipsecs.core.builder.Auditor.runAudit(Auditor.java:159)
	... 14 more
Caused by: D:\Workspaces\VineEngine\eclipse_workspace\engine-core\src\main\java\com\vine\math\Transformation.java:73:1: expecting EOF, found '}'
	at antlr.Parser.match(Parser.java:211)
	at com.puppycrawl.tools.checkstyle.grammars.GeneratedJavaRecognizer.compilationUnit(GeneratedJavaRecognizer.java:210)
	at com.puppycrawl.tools.checkstyle.TreeWalker.parse(TreeWalker.java:466)
	at com.puppycrawl.tools.checkstyle.TreeWalker.processFiltered(TreeWalker.java:199)
	... 17 more
!SUBENTRY 2 net.sf.eclipsecs.core 4 4 2015-12-20 23:12:10.499
!MESSAGE MismatchedTokenException occurred during the analysis of file D:\Workspaces\VineEngine\eclipse_workspace\engine-core\src\main\java\com\vine\math\Transformation.java.
!STACK 0
net.sf.eclipsecs.core.util.CheckstylePluginException: MismatchedTokenException occurred during the analysis of file D:\Workspaces\VineEngine\eclipse_workspace\engine-core\src\main\java\com\vine\math\Transformation.java.
	at net.sf.eclipsecs.core.util.CheckstylePluginException.rethrow(CheckstylePluginException.java:66)
	at net.sf.eclipsecs.core.util.CheckstylePluginException.rethrow(CheckstylePluginException.java:77)
	at net.sf.eclipsecs.core.builder.Auditor.runAudit(Auditor.java:166)
	at net.sf.eclipsecs.core.builder.CheckstyleBuilder.handleBuildSelection(CheckstyleBuilder.java:300)
	at net.sf.eclipsecs.core.builder.CheckstyleBuilder.build(CheckstyleBuilder.java:171)
	at org.eclipse.core.internal.events.BuildManager$2.run(BuildManager.java:734)
	at org.eclipse.core.runtime.SafeRunner.run(SafeRunner.java:42)
	at org.eclipse.core.internal.events.BuildManager.basicBuild(BuildManager.java:205)
	at org.eclipse.core.internal.events.BuildManager.basicBuild(BuildManager.java:245)
	at org.eclipse.core.internal.events.BuildManager$1.run(BuildManager.java:300)
	at org.eclipse.core.runtime.SafeRunner.run(SafeRunner.java:42)
	at org.eclipse.core.internal.events.BuildManager.basicBuild(BuildManager.java:303)
	at org.eclipse.core.internal.events.BuildManager.basicBuildLoop(BuildManager.java:359)
	at org.eclipse.core.internal.events.BuildManager.build(BuildManager.java:382)
	at org.eclipse.core.internal.events.AutoBuildJob.doBuild(AutoBuildJob.java:144)
	at org.eclipse.core.internal.events.AutoBuildJob.run(AutoBuildJob.java:235)
	at org.eclipse.core.internal.jobs.Worker.run(Worker.java:55)
Caused by: com.puppycrawl.tools.checkstyle.api.CheckstyleException: MismatchedTokenException occurred during the analysis of file D:\Workspaces\VineEngine\eclipse_workspace\engine-core\src\main\java\com\vine\math\Transformation.java.
	at com.puppycrawl.tools.checkstyle.TreeWalker.processFiltered(TreeWalker.java:216)
	at com.puppycrawl.tools.checkstyle.api.AbstractFileSetCheck.process(AbstractFileSetCheck.java:79)
	at com.puppycrawl.tools.checkstyle.Checker.process(Checker.java:265)
	at net.sf.eclipsecs.core.builder.Auditor.runAudit(Auditor.java:159)
	... 14 more
Caused by: D:\Workspaces\VineEngine\eclipse_workspace\engine-core\src\main\java\com\vine\math\Transformation.java:73:1: expecting EOF, found '}'
	at antlr.Parser.match(Parser.java:211)
	at com.puppycrawl.tools.checkstyle.grammars.GeneratedJavaRecognizer.compilationUnit(GeneratedJavaRecognizer.java:210)
	at com.puppycrawl.tools.checkstyle.TreeWalker.parse(TreeWalker.java:466)
	at com.puppycrawl.tools.checkstyle.TreeWalker.processFiltered(TreeWalker.java:199)
	... 17 more
!SUBENTRY 1 net.sf.eclipsecs.core 4 4 2015-12-20 23:12:10.500
!MESSAGE MismatchedTokenException occurred during the analysis of file D:\Workspaces\VineEngine\eclipse_workspace\engine-core\src\main\java\com\vine\math\Transformation.java.
!STACK 0
net.sf.eclipsecs.core.util.CheckstylePluginException: MismatchedTokenException occurred during the analysis of file D:\Workspaces\VineEngine\eclipse_workspace\engine-core\src\main\java\com\vine\math\Transformation.java.
	at net.sf.eclipsecs.core.util.CheckstylePluginException.rethrow(CheckstylePluginException.java:66)
	at net.sf.eclipsecs.core.util.CheckstylePluginException.rethrow(CheckstylePluginException.java:77)
	at net.sf.eclipsecs.core.builder.Auditor.runAudit(Auditor.java:166)
	at net.sf.eclipsecs.core.builder.CheckstyleBuilder.handleBuildSelection(CheckstyleBuilder.java:300)
	at net.sf.eclipsecs.core.builder.CheckstyleBuilder.build(CheckstyleBuilder.java:171)
	at org.eclipse.core.internal.events.BuildManager$2.run(BuildManager.java:734)
	at org.eclipse.core.runtime.SafeRunner.run(SafeRunner.java:42)
	at org.eclipse.core.internal.events.BuildManager.basicBuild(BuildManager.java:205)
	at org.eclipse.core.internal.events.BuildManager.basicBuild(BuildManager.java:245)
	at org.eclipse.core.internal.events.BuildManager$1.run(BuildManager.java:300)
	at org.eclipse.core.runtime.SafeRunner.run(SafeRunner.java:42)
	at org.eclipse.core.internal.events.BuildManager.basicBuild(BuildManager.java:303)
	at org.eclipse.core.internal.events.BuildManager.basicBuildLoop(BuildManager.java:359)
	at org.eclipse.core.internal.events.BuildManager.build(BuildManager.java:382)
	at org.eclipse.core.internal.events.AutoBuildJob.doBuild(AutoBuildJob.java:144)
	at org.eclipse.core.internal.events.AutoBuildJob.run(AutoBuildJob.java:235)
	at org.eclipse.core.internal.jobs.Worker.run(Worker.java:55)
Caused by: com.puppycrawl.tools.checkstyle.api.CheckstyleException: MismatchedTokenException occurred during the analysis of file D:\Workspaces\VineEngine\eclipse_workspace\engine-core\src\main\java\com\vine\math\Transformation.java.
	at com.puppycrawl.tools.checkstyle.TreeWalker.processFiltered(TreeWalker.java:216)
	at com.puppycrawl.tools.checkstyle.api.AbstractFileSetCheck.process(AbstractFileSetCheck.java:79)
	at com.puppycrawl.tools.checkstyle.Checker.process(Checker.java:265)
	at net.sf.eclipsecs.core.builder.Auditor.runAudit(Auditor.java:159)
	... 14 more
Caused by: D:\Workspaces\VineEngine\eclipse_workspace\engine-core\src\main\java\com\vine\math\Transformation.java:73:1: expecting EOF, found '}'
	at antlr.Parser.match(Parser.java:211)
	at com.puppycrawl.tools.checkstyle.grammars.GeneratedJavaRecognizer.compilationUnit(GeneratedJavaRecognizer.java:210)
	at com.puppycrawl.tools.checkstyle.TreeWalker.parse(TreeWalker.java:466)
	at com.puppycrawl.tools.checkstyle.TreeWalker.processFiltered(TreeWalker.java:199)
	... 17 more
